[INFO] 21:52:49:422 memoria/(2504:2504): Iniciando Memoria...
[WARNING] 21:52:49:423 memoria/(2504:2504): Socket de servidor inicializado en puerto 8002
[INFO] 21:52:49:423 memoria/(2504:2504): Memoria inicializada correctamente
[INFO] 21:52:49:423 memoria/(2504:2504): 
Se cre贸 la tabla de segmentos del PID 0
[INFO] 15:58:47:092 memoria/(4896:4896): Iniciando Memoria...
[WARNING] 15:58:47:092 memoria/(4896:4896): Socket de servidor inicializado en puerto 8002
[INFO] 15:58:47:092 memoria/(4896:4896): Memoria inicializada correctamente
[INFO] 15:58:47:092 memoria/(4896:4896): 
Se cre贸 la tabla de segmentos del PID 0
[INFO] 16:01:41:435 memoria/(5145:5145): Iniciando Memoria...
[WARNING] 16:01:41:436 memoria/(5145:5145): Socket de servidor inicializado en puerto 8002
[INFO] 16:01:41:436 memoria/(5145:5145): Memoria inicializada correctamente
[INFO] 16:01:41:436 memoria/(5145:5145): 
Se cre贸 la tabla de segmentos del PID 0
[INFO] 16:02:34:428 memoria/(5278:5278): Iniciando Memoria...
[WARNING] 16:02:34:428 memoria/(5278:5278): Socket de servidor inicializado en puerto 8002
[INFO] 16:02:34:428 memoria/(5278:5278): Memoria inicializada correctamente
[INFO] 16:02:34:428 memoria/(5278:5278): 
Se cre贸 la tabla de segmentos del PID 0
[ERROR] 16:02:34:428 memoria/(5278:5278): No hay espacio suficiente para crear el segmento
