[INFO] 00:34:02:718 cpu/(19986:19986): Soy el cpu! Hice uso de la shared!
[INFO] 18:55:21:000 cpu/(4611:4611): Soy el cpu! Hice uso de la shared!
[INFO] 15:04:36:719 cpu/(7010:7010): El valor del puerto es 8001 

[INFO] 15:04:36:731 cpu/(7010:7010): SOCKET INICIALIZADO
[INFO] 15:19:32:059 cpu/(8185:8185): El valor del puerto es 8001 

[INFO] 15:19:32:068 cpu/(8185:8185): SOCKET INICIALIZADO
[INFO] 15:22:38:634 cpu/(8642:8642): El valor del puerto es 8001 

[INFO] 15:22:38:637 cpu/(8642:8642): SOCKET INICIALIZADO
[INFO] 15:56:03:456 cpu/(11864:11864): El valor del puerto es 8001 

[INFO] 15:56:03:458 cpu/(11864:11864): SOCKET INICIALIZADO
[INFO] 15:57:17:153 cpu/(12035:12035): El valor del puerto es 8001 

[INFO] 15:57:17:154 cpu/(12035:12035): SOCKET INICIALIZADO
[INFO] 17:01:54:499 cpu/(2152:2152): El valor del puerto es 8001 

[INFO] 17:01:54:500 cpu/(2152:2152): SOCKET INICIALIZADO
[INFO] 17:09:19:630 cpu/(2858:2858): El valor del puerto es 8001 

[INFO] 17:09:19:632 cpu/(2858:2858): SOCKET INICIALIZADO
[INFO] 17:10:11:052 cpu/(3085:3085): El valor del puerto es 8001 

[INFO] 17:10:11:054 cpu/(3085:3085): SOCKET INICIALIZADO
[INFO] 17:15:20:363 cpu/(3591:3591): El valor del puerto es 8001 

[INFO] 17:15:20:364 cpu/(3591:3591): SOCKET INICIALIZADO
[INFO] 17:19:29:519 cpu/(4016:4016): El valor del puerto es 8001 

[INFO] 17:19:29:523 cpu/(4016:4016): SOCKET INICIALIZADO
[INFO] 17:21:09:795 cpu/(4200:4200): El valor del puerto es 8001 

[INFO] 17:21:09:797 cpu/(4200:4200): SOCKET INICIALIZADO
[INFO] 17:24:55:825 cpu/(4521:4521): El valor del puerto es 8001 

[INFO] 17:24:55:828 cpu/(4521:4521): SOCKET INICIALIZADO
[INFO] 17:30:14:598 cpu/(5007:5007): El valor del puerto es 8001 

[INFO] 17:30:14:601 cpu/(5007:5007): SOCKET INICIALIZADO
[INFO] 17:31:19:892 cpu/(5137:5137): El valor del puerto es 8001 

[INFO] 17:31:19:895 cpu/(5137:5137): SOCKET INICIALIZADO
[INFO] 17:31:29:939 cpu/(5137:5137): Handshake aceptado
[INFO] 17:44:55:012 cpu/(5595:5595): El valor del puerto es 8001 

[INFO] 17:44:55:013 cpu/(5595:5595): SOCKET INICIALIZADO
[INFO] 17:49:23:533 cpu/(6039:6039): El valor del puerto es 8001 

[INFO] 17:49:23:535 cpu/(6039:6039): SOCKET INICIALIZADO
[INFO] 17:50:24:511 cpu/(6296:6296): El valor del puerto es 8001 

[INFO] 17:50:24:513 cpu/(6296:6296): SOCKET INICIALIZADO
[INFO] 17:51:01:874 cpu/(6493:6493): El valor del puerto es 8001 

[INFO] 17:51:01:877 cpu/(6493:6493): SOCKET INICIALIZADO
[INFO] 17:51:27:050 cpu/(6640:6640): El valor del puerto es 8001 

[INFO] 17:51:27:054 cpu/(6640:6640): SOCKET INICIALIZADO
[INFO] 17:56:01:722 cpu/(7164:7164): El valor del puerto es 8001 

[INFO] 17:56:01:727 cpu/(7164:7164): SOCKET INICIALIZADO
[INFO] 17:58:00:339 cpu/(7389:7389): El valor del puerto es 8001 

[INFO] 17:58:00:340 cpu/(7389:7389): SOCKET INICIALIZADO
[INFO] 17:58:11:328 cpu/(7456:7456): El valor del puerto es (null) 

[INFO] 17:58:24:754 cpu/(7525:7525): El valor del puerto es (null) 

[INFO] 17:59:12:413 cpu/(7621:7621): El valor del puerto es (null) 

[INFO] 17:59:48:711 cpu/(7714:7714): El valor del puerto es 8001 

[INFO] 17:59:48:713 cpu/(7714:7714): SOCKET INICIALIZADO
[INFO] 18:00:48:645 cpu/(7860:7860): El valor del puerto es 8001 

[INFO] 18:00:48:647 cpu/(7860:7860): SOCKET INICIALIZADO
[INFO] 18:02:14:518 cpu/(8062:8062): El valor del puerto es 8001 

[INFO] 18:02:14:521 cpu/(8062:8062): SOCKET INICIALIZADO
[INFO] 18:02:55:733 cpu/(8289:8289): El valor del puerto es 8001 

[INFO] 18:02:55:735 cpu/(8289:8289): SOCKET INICIALIZADO
[INFO] 15:21:05:754 cpu/(2248:2248): El valor del puerto es 8001 

[INFO] 15:21:05:756 cpu/(2248:2248): SOCKET INICIALIZADO
[INFO] 22:14:56:103 cpu/(3813:3813): El valor del puerto es 8001 

[INFO] 22:14:56:103 cpu/(3813:3813): SOCKET INICIALIZADO
[INFO] 22:25:33:283 cpu/(5027:5027): Se crea el proceso 2001 en NEW 

[INFO] 22:27:23:355 cpu/(5105:5105): Se crea el proceso 2001 en NEW 

[INFO] 22:28:13:854 cpu/(5321:5321): Se crea el proceso 2001 en NEW 

[INFO] 22:29:30:738 cpu/(5448:5448): Se crea el proceso 2001 en NEW 

[INFO] 22:30:19:954 cpu/(5555:5555): Se crea el proceso 2001 en NEW 

[INFO] 22:31:47:917 cpu/(5707:5707): Se crea el proceso 2001 en NEW 

[INFO] 22:35:43:456 cpu/(5904:5904): Se crea el proceso 2001 en NEW 

[INFO] 22:42:48:716 cpu/(6431:6431): Se crea el proceso 2001 en NEW 

[INFO] 22:43:41:260 cpu/(17396:17396): Se crea el proceso 2001 en NEW 

[INFO] 22:44:04:980 cpu/(19233:19233): Se crea el proceso 2001 en NEW 

[INFO] 22:44:19:156 cpu/(26599:26599): Se crea el proceso 2001 en NEW 

[INFO] 22:44:27:328 cpu/(30120:30120): Se crea el proceso 2001 en NEW 

[INFO] 22:46:07:396 cpu/(55431:55431): Se crea el proceso 2001 en NEW 

[INFO] 22:47:14:986 cpu/(65825:65825): Se crea el proceso 2001 en NEW 

[INFO] 22:50:10:217 cpu/(66455:66455): Se crea el proceso 2001 en NEW 

[INFO] 22:51:27:661 cpu/(66699:66699): Se crea el proceso 2001 en NEW 

[INFO] 22:51:48:964 cpu/(66774:66774): Se crea el proceso 2001 en NEW 

[INFO] 22:53:23:382 cpu/(66847:66847): Se crea el proceso 2001 en NEW 

[INFO] 22:55:43:919 cpu/(66987:66987): Se crea el proceso 2001 en NEW 

[INFO] 22:57:47:060 cpu/(67161:67161): Se crea el proceso 2001 en NEW 

[INFO] 23:03:07:282 cpu/(67286:67286): Se crea el proceso 2001 en NEW 

[INFO] 23:08:45:367 cpu/(67505:67505): Se crea el proceso 2001 en NEW 

